<?xml version="1.0" encoding="UTF-8"?>
<!-- Generated by org.testng.reporters.JUnitReportReporter -->
<testsuite hostname="DHINESH" name="testpack.AssertDepensGrp" tests="3" failures="0" timestamp="5 Feb 2020 01:39:37 GMT" time="0.048" errors="0">
  <testcase name="regression1" time="0.004" classname="testpack.AssertDepensGrp"/>
  <testcase name="regression2" time="0.003" classname="testpack.AssertDepensGrp"/>
  <testcase name="regression3" time="0.041" classname="testpack.AssertDepensGrp"/>
</testsuite> <!-- testpack.AssertDepensGrp -->
